joystick.fb: parsing line 1
PARSE_START (739)
 E_EOL
 -! 740
 PARSE_LINE_COMMAND (666)
  Set error='statement' at pos='0' mp='0'
  ERROR ADDED
  -! 667
  -! 668
  -! 669
  -! 670
  -! 671
  error, pos > max_pos ?!?!?
  restore pos=1 <= 0
  -! 672
  error, pos > max_pos ?!?!?
  restore pos=1 <= 0
  -! 673
  -! 674
  -! 675
  -! 676
  -! 677
  -! 678
  -! 679
  -! 680
  -! 681
  -! 682
  -! 683
  -! 684
  -! 685
  -! 686
  -! 687
  -! 690
  -! 691
  -! 692
  -! 693
  -! 694
  GOT 'GRAPHICS'
  EXPR (270)
   INT_EXPR (152)
    Set error='integer expression' at pos='9' mp='0'
    ERROR SAVED
    T_EXPR (195)
     Set error='integer constant' at pos='9' mp='9'
     ERROR ADDED
     E_NUMBER_BYTE
     (got '11')
     <-- OK (196)
    BIT_EXPR_MORE (173)
     Set error=''&', '!', 'EXOR'' at pos='11' mp='9'
     ERROR SAVED
     -! 174
     -! 175
     -! 176
     <-- OK (177)
    M_EXPR_MORE (167)
     Set error=''*', '/', 'MOD'' at pos='11' mp='11'
     ERROR ADDED
     -! 168
     -! 169
     -! 170
     <-- OK (171)
    INT_EXPR_MORE (162)
     Set error=''+', '-'' at pos='11' mp='11'
     ERROR ADDED
     -! 163
     -! 164
     <-- OK (165)
    <-- OK (153)
   TEST_BOOL_EXPR (261)
    OR_AND_BOOL (256)
     OR_EXPR_RIGHT (281)
      Set error=''OR'' at pos='11' mp='11'
      ERROR ADDED
      -! 282
     -! 257
     AND_EXPR_RIGHT (288)
      Set error=''AND'' at pos='11' mp='11'
      ERROR ADDED
      -! 289
     -! 258
    -! 262
    COMP_EXPR_RIGHT (310)
     Set error='integer comparison operator' at pos='11' mp='11'
     ERROR ADDED
     -! 311
     -! 312
     -! 313
     -! 314
     -! 315
     -! 316
    -! 263
    <-- OK (267)
   <-- OK (271)
  <-- OK (695)
 E_EOL
 <-- OK (741)
joystick.fb: parsing line 2
PARSE_START (739)
 E_EOL
 -! 740
 PARSE_LINE_COMMAND (666)
  Set error='statement' at pos='0' mp='0'
  ERROR ADDED
  -! 667
  -! 668
  -! 669
  -! 670
  -! 671
  -! 672
  -! 673
  -! 674
  -! 675
  -! 676
  error, pos > max_pos ?!?!?
  restore pos=1 <= 0
  -! 677
  -! 678
  -! 679
  -! 680
  error, pos > max_pos ?!?!?
  restore pos=1 <= 0
  -! 681
  -! 682
  -! 683
  -! 684
  -! 685
  -! 686
  -! 687
  -! 690
  -! 691
  -! 692
  -! 693
  -! 694
  -! 695
  -! 696
  -! 697
  -! 698
  -! 699
  -! 700
  -! 701
  error, pos > max_pos ?!?!?
  restore pos=1 <= 0
  -! 702
  -! 703
  -! 704
  -! 705
  error, pos > max_pos ?!?!?
  restore pos=1 <= 0
  -! 706
  -! 707
  -! 708
  -! 709
  -! 710
  -! 711
  -! 712
  -! 713
  error, pos > max_pos ?!?!?
  restore pos=1 <= 0
  -! 714
  -! 715
  EXEC_CALL (649)
   -! 650
   -! 651
  -! 716
  GOT 'DATA'
  DATA_VAR (597)
   Set error='new data array name' at pos='5' mp='0'
   ERROR SAVED
   DATA_TYPE (585)
    Set error='data type' at pos='5' mp='5'
    ERROR ADDED
    TYPE_BYTE (513)
     -! 514
    -! 586
    TYPE_WORD (508)
     -! 509
     <-- OK (510)
    EQUAL (429)
     Set error=''='' at pos='5' mp='5'
     ERROR ADDED
     -! 430
    -! 587
    TYPE_BYTE (513)
     -! 514
    -! 589
    TYPE_WORD (508)
     -! 509
     <-- OK (510)
    -! 590
   -! 598
   E_LABEL_CREATE
   GOT '()'
   E_LABEL_DEF
   DATA_TYPE (585)
    Set error='data type' at pos='10' mp='5'
    ERROR SAVED
    TYPE_BYTE (513)
     -! 514
    -! 586
    TYPE_WORD (508)
     GOT 'WORD'
     <-- OK (509)
    EQUAL (429)
     Set error=''='' at pos='15' mp='10'
     ERROR SAVED
     GOT '='
     <-- OK (430)
    E_LABEL_SET_TYPE
    E_NUMBER_WORD
    (got '0')
    DATA_WORDS (571)
     Set error='data word' at pos='18' mp='15'
     ERROR SAVED
     GOT ','
     E_NUMBER_WORD
     (got '0')
     DATA_WORDS (571)
      Set error='data word' at pos='20' mp='18'
      ERROR SAVED
      GOT ','
      E_NUMBER_WORD
      (got '0')
      DATA_WORDS (571)
       Set error='data word' at pos='22' mp='20'
       ERROR SAVED
       GOT ','
       E_NUMBER_WORD
       (got '0')
       DATA_WORDS (571)
        Set error='data word' at pos='24' mp='22'
        ERROR SAVED
        GOT ','
        E_NUMBER_WORD
        (got '0')
        DATA_WORDS (571)
         Set error='data word' at pos='26' mp='24'
         ERROR SAVED
         GOT ','
         E_NUMBER_WORD
         (got '1')
         DATA_WORDS (571)
          Set error='data word' at pos='28' mp='26'
          ERROR SAVED
          GOT ','
          E_NUMBER_WORD
          (got '1')
          DATA_WORDS (571)
           Set error='data word' at pos='31' mp='28'
           ERROR SAVED
           GOT ','
           E_NUMBER_WORD
           (got '1')
           DATA_WORDS (571)
            Set error='data word' at pos='33' mp='31'
            ERROR SAVED
            GOT ','
            E_NUMBER_WORD
            (got '0')
            DATA_WORDS (571)
             Set error='data word' at pos='35' mp='33'
             ERROR SAVED
             GOT ','
             E_NUMBER_WORD
             (got '-1')
             DATA_WORDS (571)
              Set error='data word' at pos='38' mp='35'
              ERROR SAVED
              GOT ','
              E_NUMBER_WORD
              (got '-1')
              DATA_WORDS (571)
               Set error='data word' at pos='41' mp='38'
               ERROR SAVED
               GOT ','
               E_NUMBER_WORD
               (got '-1')
               DATA_WORDS (571)
                Set error='data word' at pos='44' mp='41'
                ERROR SAVED
                GOT ','
                E_NUMBER_WORD
                (got '0')
                DATA_WORDS (571)
                 Set error='data word' at pos='46' mp='44'
                 ERROR SAVED
                 GOT ','
                 E_NUMBER_WORD
                 (got '0')
                 DATA_WORDS (571)
                  Set error='data word' at pos='48' mp='46'
                  ERROR SAVED
                  GOT ','
                  E_NUMBER_WORD
                  (got '0')
                  DATA_WORDS (571)
                   Set error='data word' at pos='51' mp='48'
                   ERROR SAVED
                   GOT ','
                   E_NUMBER_WORD
                   (got '0')
                   DATA_WORDS (571)
                    Set error='data word' at pos='53' mp='51'
                    ERROR SAVED
                    -! 572
                    <-- OK (573)
                   <-- OK (572)
                  <-- OK (572)
                 <-- OK (572)
                <-- OK (572)
               <-- OK (572)
              <-- OK (572)
             <-- OK (572)
            <-- OK (572)
           <-- OK (572)
          <-- OK (572)
         <-- OK (572)
        <-- OK (572)
       <-- OK (572)
      <-- OK (572)
     <-- OK (572)
    <-- OK (587)
   <-- OK (599)
  DATA_END (593)
   -! 594
   E_POP_PROC_DATA
   <-- OK (595)
  <-- OK (717)
 E_EOL
 <-- OK (741)
joystick.fb: parsing line 3
PARSE_START (739)
 E_EOL
 -! 740
 PARSE_LINE_COMMAND (666)
  Set error='statement' at pos='0' mp='0'
  ERROR ADDED
  -! 667
  -! 668
  -! 669
  -! 670
  -! 671
  -! 672
  -! 673
  -! 674
  -! 675
  -! 676
  error, pos > max_pos ?!?!?
  restore pos=1 <= 0
  -! 677
  -! 678
  -! 679
  -! 680
  error, pos > max_pos ?!?!?
  restore pos=1 <= 0
  -! 681
  -! 682
  -! 683
  -! 684
  -! 685
  -! 686
  -! 687
  -! 690
  -! 691
  -! 692
  -! 693
  -! 694
  -! 695
  -! 696
  -! 697
  -! 698
  -! 699
  -! 700
  -! 701
  error, pos > max_pos ?!?!?
  restore pos=1 <= 0
  -! 702
  -! 703
  -! 704
  -! 705
  error, pos > max_pos ?!?!?
  restore pos=1 <= 0
  -! 706
  -! 707
  -! 708
  -! 709
  -! 710
  -! 711
  -! 712
  -! 713
  error, pos > max_pos ?!?!?
  restore pos=1 <= 0
  -! 714
  -! 715
  EXEC_CALL (649)
   -! 650
   -! 651
  -! 716
  GOT 'DATA'
  DATA_VAR (597)
   Set error='new data array name' at pos='5' mp='0'
   ERROR SAVED
   DATA_TYPE (585)
    Set error='data type' at pos='5' mp='5'
    ERROR ADDED
    TYPE_BYTE (513)
     -! 514
    -! 586
    TYPE_WORD (508)
     -! 509
     <-- OK (510)
    EQUAL (429)
     Set error=''='' at pos='5' mp='5'
     ERROR ADDED
     -! 430
    -! 587
    TYPE_BYTE (513)
     -! 514
    -! 589
    TYPE_WORD (508)
     -! 509
     <-- OK (510)
    -! 590
   -! 598
   E_LABEL_CREATE
   GOT '()'
   E_LABEL_DEF
   DATA_TYPE (585)
    Set error='data type' at pos='10' mp='5'
    ERROR SAVED
    TYPE_BYTE (513)
     -! 514
    -! 586
    TYPE_WORD (508)
     GOT 'WORD'
     <-- OK (509)
    EQUAL (429)
     Set error=''='' at pos='15' mp='10'
     ERROR SAVED
     GOT '='
     <-- OK (430)
    E_LABEL_SET_TYPE
    E_NUMBER_WORD
    (got '0')
    DATA_WORDS (571)
     Set error='data word' at pos='18' mp='15'
     ERROR SAVED
     GOT ','
     E_NUMBER_WORD
     (got '0')
     DATA_WORDS (571)
      Set error='data word' at pos='20' mp='18'
      ERROR SAVED
      GOT ','
      E_NUMBER_WORD
      (got '0')
      DATA_WORDS (571)
       Set error='data word' at pos='22' mp='20'
       ERROR SAVED
       GOT ','
       E_NUMBER_WORD
       (got '0')
       DATA_WORDS (571)
        Set error='data word' at pos='24' mp='22'
        ERROR SAVED
        GOT ','
        E_NUMBER_WORD
        (got '0')
        DATA_WORDS (571)
         Set error='data word' at pos='26' mp='24'
         ERROR SAVED
         GOT ','
         E_NUMBER_WORD
         (got '1')
         DATA_WORDS (571)
          Set error='data word' at pos='28' mp='26'
          ERROR SAVED
          GOT ','
          E_NUMBER_WORD
          (got '-1')
          DATA_WORDS (571)
           Set error='data word' at pos='31' mp='28'
           ERROR SAVED
           GOT ','
           E_NUMBER_WORD
           (got '0')
           DATA_WORDS (571)
            Set error='data word' at pos='33' mp='31'
            ERROR SAVED
            GOT ','
            E_NUMBER_WORD
            (got '0')
            DATA_WORDS (571)
             Set error='data word' at pos='35' mp='33'
             ERROR SAVED
             GOT ','
             E_NUMBER_WORD
             (got '1')
             DATA_WORDS (571)
              Set error='data word' at pos='38' mp='35'
              ERROR SAVED
              GOT ','
              E_NUMBER_WORD
              (got '-1')
              DATA_WORDS (571)
               Set error='data word' at pos='41' mp='38'
               ERROR SAVED
               GOT ','
               E_NUMBER_WORD
               (got '0')
               DATA_WORDS (571)
                Set error='data word' at pos='44' mp='41'
                ERROR SAVED
                GOT ','
                E_NUMBER_WORD
                (got '0')
                DATA_WORDS (571)
                 Set error='data word' at pos='46' mp='44'
                 ERROR SAVED
                 GOT ','
                 E_NUMBER_WORD
                 (got '1')
                 DATA_WORDS (571)
                  Set error='data word' at pos='48' mp='46'
                  ERROR SAVED
                  GOT ','
                  E_NUMBER_WORD
                  (got '-1')
                  DATA_WORDS (571)
                   Set error='data word' at pos='51' mp='48'
                   ERROR SAVED
                   GOT ','
                   E_NUMBER_WORD
                   (got '0')
                   DATA_WORDS (571)
                    Set error='data word' at pos='53' mp='51'
                    ERROR SAVED
                    -! 572
                    <-- OK (573)
                   <-- OK (572)
                  <-- OK (572)
                 <-- OK (572)
                <-- OK (572)
               <-- OK (572)
              <-- OK (572)
             <-- OK (572)
            <-- OK (572)
           <-- OK (572)
          <-- OK (572)
         <-- OK (572)
        <-- OK (572)
       <-- OK (572)
      <-- OK (572)
     <-- OK (572)
    <-- OK (587)
   <-- OK (599)
  DATA_END (593)
   -! 594
   E_POP_PROC_DATA
   <-- OK (595)
  <-- OK (717)
 E_EOL
 <-- OK (741)
joystick.fb: parsing line 4
PARSE_START (739)
 E_EOL
 <-- OK (740)
joystick.fb: parsing line 5
PARSE_START (739)
 E_EOL
 -! 740
 PARSE_LINE_COMMAND (666)
  Set error='statement' at pos='0' mp='0'
  ERROR ADDED
  -! 667
  -! 668
  -! 669
  -! 670
  -! 671
  -! 672
  -! 673
  -! 674
  -! 675
  -! 676
  -! 677
  -! 678
  -! 679
  -! 680
  -! 681
  -! 682
  -! 683
  -! 684
  -! 685
  -! 686
  -! 687
  -! 690
  -! 691
  -! 692
  -! 693
  -! 694
  -! 695
  -! 696
  -! 697
  -! 698
  -! 699
  -! 700
  -! 701
  -! 702
  -! 703
  -! 704
  -! 705
  -! 706
  -! 707
  -! 708
  -! 709
  -! 710
  -! 711
  -! 712
  -! 713
  -! 714
  -! 715
  EXEC_CALL (649)
   -! 650
   -! 651
  -! 716
  -! 717
  -! 718
  -! 723
  -! 724
  -! 725
  -! 726
  -! 727
 -! 741
 PARSE_LINE_ASSIGN (729)
  VAR_WORD_SAVE (418)
   Set error='variable name' at pos='0' mp='0'
   ERROR ADDED
   E_VAR_CREATE
   VAR_CREATE_TYPE (398)
    -! 399
    error, pos > max_pos ?!?!?
    <-- OK (403)
   E_VAR_SET_TYPE
	set var 'Z' to 1
   -! 419
   error, pos > max_pos ?!?!?
   restore pos=1 <= 0
   E_VAR_WORD
   E_PUSH_VAR
   <-- OK (420)
  EQUAL (429)
   Set error=''='' at pos='1' mp='0'
   ERROR SAVED
   GOT '='
   <-- OK (430)
  EXPR (270)
   INT_EXPR (152)
    Set error='integer expression' at pos='2' mp='1'
    ERROR SAVED
    T_EXPR (195)
     Set error='integer constant' at pos='2' mp='2'
     ERROR ADDED
     E_NUMBER_BYTE
     (got '16')
     <-- OK (196)
    BIT_EXPR_MORE (173)
     Set error=''&', '!', 'EXOR'' at pos='5' mp='2'
     ERROR SAVED
     -! 174
     -! 175
     -! 176
     <-- OK (177)
    M_EXPR_MORE (167)
     Set error=''*', '/', 'MOD'' at pos='5' mp='5'
     ERROR ADDED
     -! 168
     -! 169
     -! 170
     <-- OK (171)
    INT_EXPR_MORE (162)
     Set error=''+', '-'' at pos='5' mp='5'
     ERROR ADDED
     -! 163
     -! 164
     <-- OK (165)
    <-- OK (153)
   TEST_BOOL_EXPR (261)
    OR_AND_BOOL (256)
     OR_EXPR_RIGHT (281)
      Set error=''OR'' at pos='5' mp='5'
      ERROR ADDED
      -! 282
     -! 257
     AND_EXPR_RIGHT (288)
      Set error=''AND'' at pos='5' mp='5'
      ERROR ADDED
      -! 289
     -! 258
    -! 262
    COMP_EXPR_RIGHT (310)
     Set error='integer comparison operator' at pos='5' mp='5'
     ERROR ADDED
     -! 311
     -! 312
     -! 313
     -! 314
     -! 315
     -! 316
    -! 263
    <-- OK (267)
   <-- OK (271)
  E_POP_VAR
  <-- OK (730)
 E_EOL
 -! 742
 restore pos=5 <= 0
